<?xml version="1.0" encoding="UTF-8"?>
<testsuite xmlns:xsi="http://www.w3.org/2001/XMLSchema-instance" xsi:noNamespaceSchemaLocation="https://maven.apache.org/surefire/maven-surefire-plugin/xsd/surefire-test-report-3.0.xsd" version="3.0" name="es.ciudadescolar.util.XMLManagerTest" time="0.502" tests="1" errors="1" skipped="0" failures="0">
  <properties>
[...]
</properties>
  <testcase name="testParseXmlCompleta" classname="es.ciudadescolar.util.XMLManagerTest" time="0.463">
    <error message="class es.ciudadescolar.clases.InformeSalida cannot be cast to class java.util.List (es.ciudadescolar.clases.InformeSalida is in unnamed module of loader &apos;app&apos;; java.util.List is in module java.base of loader &apos;bootstrap&apos;)" type="java.lang.ClassCastException"><![CDATA[java.lang.ClassCastException: class es.ciudadescolar.clases.InformeSalida cannot be cast to class java.util.List (es.ciudadescolar.clases.InformeSalida is in unnamed module of loader 'app'; java.util.List is in module java.base of loader 'bootstrap')
	at es.ciudadescolar.util.XMLManagerTest.testParseXmlCompleta(XMLManagerTest.java:25)
	at java.base/java.lang.reflect.Method.invoke(Method.java:580)
	at java.base/java.util.ArrayList.forEach(ArrayList.java:1596)
	at java.base/java.util.ArrayList.forEach(ArrayList.java:1596)
]]></error>
    <system-out><![CDATA[Ruta del archivo: c:\Users\mario\DAM2\AADD\A1\practica_parseo_xml\hospital.xml
¿Existe el archivo? true
¿Se puede leer? true
]]></system-out>
  </testcase>
</testsuite>